<?xml version="1.0" encoding="UTF-8"?>
<!-- Generated by org.testng.reporters.JUnitReportReporter -->
<testsuite hostname="DUBSINGVI04-WXL" failures="0" tests="5" name="com.example.demo.runner.CucumberRunnerTests" time="16.268" errors="0" timestamp="2022-06-22T15:25:54 BST" skipped="0">
  <testcase classname="com.example.demo.runner.CucumberRunnerTests" name="runScenario" time="0.109"/>
  <system-out/>
  <testcase classname="com.example.demo.runner.CucumberRunnerTests" name="runScenario" time="15.540"/>
  <system-out/>
  <testcase classname="com.example.demo.runner.CucumberRunnerTests" name="runScenario" time="0.104"/>
  <system-out/>
  <testcase classname="com.example.demo.runner.CucumberRunnerTests" name="runScenario" time="0.367"/>
  <system-out/>
  <testcase classname="com.example.demo.runner.CucumberRunnerTests" name="runScenario" time="0.148"/>
  <system-out/>
</testsuite> <!-- com.example.demo.runner.CucumberRunnerTests -->
